<?xml version="1.0" encoding="UTF-8"?>
<TestRun id="338bc522-e9af-4bb1-8131-5a1f86c6fb92" name="smsng@SMSNG-SMSNG 2015-12-23 19:26:25" runUser="smsng-smsng\smsng" xmlns="http://microsoft.com/schemas/VisualStudio/TeamTest/2010">
  <TestSettings name="Local" id="125f4e30-2029-4c74-aa74-3914b1a7b57d">
    <Description>These are default test settings for a local test run.</Description>
    <Deployment enabled="false" runDeploymentRoot="smsng_SMSNG-SMSNG 2015-12-23 19_26_25">
      <DeploymentItem filename="C:\Users\smsng\Documents\Visual Studio 2010\Projects\SE2015\bin\Debug\SE2015.exe" />
      <DeploymentItem filename="C:\Users\smsng\Documents\Visual Studio 2010\Projects\SE2015\packages\Newtonsoft.Json.7.0.1\lib\net40\Newtonsoft.Json.dll" />
    </Deployment>
    <Execution>
      <TestTypeSpecific />
      <AgentRule name="Execution Agents">
      </AgentRule>
    </Execution>
  </TestSettings>
  <Times creation="2015-12-23T19:26:25.9099226+02:00" queuing="2015-12-23T19:26:26.8947245+02:00" start="2015-12-23T19:26:26.9571246+02:00" finish="2015-12-23T19:26:27.4875255+02:00" />
  <ResultSummary outcome="Completed">
    <Counters total="1" executed="1" passed="1" error="0" failed="0" timeout="0" aborted="0" inconclusive="0" passedButRunAborted="0" notRunnable="0" notExecuted="0" disconnected="0" warning="0" completed="0" inProgress="0" pending="0" />
  </ResultSummary>
  <TestDefinitions>
    <UnitTest name="EmptyChoiceTest" storage="c:\users\smsng\documents\visual studio 2010\projects\testproject\bin\debug\testproject.dll" id="627b22ff-8a04-ed1d-10c1-c6e2b72f0561">
      <Execution id="9f233f28-cb43-4ffe-923b-d5709aaed0d2" />
      <TestMethod codeBase="C:/Users/smsng/Documents/Visual Studio 2010/Projects/TestProject/bin/Debug/TestProject.DLL" adapterTypeName="Microsoft.VisualStudio.TestTools.TestTypes.Unit.UnitTestAdapter, Microsoft.VisualStudio.QualityTools.Tips.UnitTest.Adapter, Version=10.0.0.0, Culture=neutral, PublicKeyToken=b03f5f7f11d50a3a" className="TestProject.TestingFormTest, TestProject, Version=1.0.0.0, Culture=neutral, PublicKeyToken=null" name="EmptyChoiceTest" />
    </UnitTest>
  </TestDefinitions>
  <TestLists>
    <TestList name="Results Not in a List" id="8c84fa94-04c1-424b-9868-57a2d4851a1d" />
    <TestList name="All Loaded Results" id="19431567-8539-422a-85d7-44ee4e166bda" />
  </TestLists>
  <TestEntries>
    <TestEntry testId="627b22ff-8a04-ed1d-10c1-c6e2b72f0561" executionId="9f233f28-cb43-4ffe-923b-d5709aaed0d2" testListId="8c84fa94-04c1-424b-9868-57a2d4851a1d" />
  </TestEntries>
  <Results>
    <UnitTestResult executionId="9f233f28-cb43-4ffe-923b-d5709aaed0d2" testId="627b22ff-8a04-ed1d-10c1-c6e2b72f0561" testName="EmptyChoiceTest" computerName="SMSNG-SMSNG" duration="00:00:00.1609049" startTime="2015-12-23T19:26:26.9727246+02:00" endTime="2015-12-23T19:26:27.4719255+02:00" testType="13cdc9d9-ddb5-4fa4-a97d-d965ccfc6d4b" outcome="Passed" testListId="8c84fa94-04c1-424b-9868-57a2d4851a1d" relativeResultsDirectory="9f233f28-cb43-4ffe-923b-d5709aaed0d2">
    </UnitTestResult>
  </Results>
</TestRun>