<?xml version="1.0" encoding="UTF-8"?>
<TestRun id="c2c9a2d9-a7bf-439c-b183-bc2f7eea6e4e" name="smsng@SMSNG-SMSNG 2015-12-23 14:06:08" runUser="smsng-smsng\smsng" xmlns="http://microsoft.com/schemas/VisualStudio/TeamTest/2010">
  <TestSettings name="Local" id="125f4e30-2029-4c74-aa74-3914b1a7b57d">
    <Description>These are default test settings for a local test run.</Description>
    <Deployment enabled="false" runDeploymentRoot="smsng_SMSNG-SMSNG 2015-12-23 14_06_08">
      <DeploymentItem filename="C:\Users\smsng\Documents\Visual Studio 2010\Projects\SE2015\bin\Debug\SE2015.exe" />
      <DeploymentItem filename="C:\Users\smsng\Documents\Visual Studio 2010\Projects\SE2015\packages\Newtonsoft.Json.7.0.1\lib\net40\Newtonsoft.Json.dll" />
    </Deployment>
    <Execution>
      <TestTypeSpecific />
      <AgentRule name="Execution Agents">
      </AgentRule>
    </Execution>
  </TestSettings>
  <Times creation="2015-12-23T14:06:08.2436411+02:00" queuing="2015-12-23T14:06:09.3086427+02:00" start="2015-12-23T14:06:09.3986429+02:00" finish="2015-12-23T14:08:20.2001132+02:00" />
  <ResultSummary outcome="Error">
    <Counters total="1" executed="1" error="0" failed="0" timeout="0" aborted="1" inconclusive="0" passedButRunAborted="0" notRunnable="0" notExecuted="0" disconnected="0" warning="0" passed="0" completed="0" inProgress="0" pending="0" />
    <RunInfos>
      <RunInfo computerName="SMSNG-SMSNG" outcome="Error" timestamp="2015-12-23T14:08:20.1976132+02:00">
        <Text>Test host process exited unexpectedly.</Text>
      </RunInfo>
    </RunInfos>
  </ResultSummary>
  <TestDefinitions>
    <UnitTest name="StartTest" storage="c:\users\smsng\documents\visual studio 2010\projects\testproject\bin\debug\testproject.dll" id="bf6ee8ee-64c6-45e5-a6a9-a03c1ce99fa8">
      <Execution id="49821349-c7fa-4642-b10e-905d3c3c5e99" />
      <TestMethod codeBase="C:/Users/smsng/Documents/Visual Studio 2010/Projects/TestProject/bin/Debug/TestProject.DLL" adapterTypeName="Microsoft.VisualStudio.TestTools.TestTypes.Unit.UnitTestAdapter, Microsoft.VisualStudio.QualityTools.Tips.UnitTest.Adapter, Version=10.0.0.0, Culture=neutral, PublicKeyToken=b03f5f7f11d50a3a" className="TestProject.TestTimerTest, TestProject, Version=1.0.0.0, Culture=neutral, PublicKeyToken=null" name="StartTest" />
    </UnitTest>
  </TestDefinitions>
  <TestLists>
    <TestList name="Results Not in a List" id="8c84fa94-04c1-424b-9868-57a2d4851a1d" />
    <TestList name="All Loaded Results" id="19431567-8539-422a-85d7-44ee4e166bda" />
  </TestLists>
  <TestEntries>
    <TestEntry testId="bf6ee8ee-64c6-45e5-a6a9-a03c1ce99fa8" executionId="49821349-c7fa-4642-b10e-905d3c3c5e99" testListId="8c84fa94-04c1-424b-9868-57a2d4851a1d" />
  </TestEntries>
  <Results>
    <UnitTestResult executionId="49821349-c7fa-4642-b10e-905d3c3c5e99" testId="bf6ee8ee-64c6-45e5-a6a9-a03c1ce99fa8" testName="StartTest" computerName="SMSNG-SMSNG" duration="00:02:10.6864699" startTime="2015-12-23T14:06:09.5136433+02:00" endTime="2015-12-23T14:08:20.2001132+02:00" testType="13cdc9d9-ddb5-4fa4-a97d-d965ccfc6d4b" outcome="Aborted" testListId="8c84fa94-04c1-424b-9868-57a2d4851a1d" relativeResultsDirectory="49821349-c7fa-4642-b10e-905d3c3c5e99">
    </UnitTestResult>
  </Results>
</TestRun>