<?xml version="1.0" encoding="UTF-8"?>
<TestRun id="c97787ce-7cf1-44b2-97ed-01cc92da51e7" name="smsng@SMSNG-SMSNG 2015-12-23 20:10:33" runUser="smsng-smsng\smsng" xmlns="http://microsoft.com/schemas/VisualStudio/TeamTest/2010">
  <TestSettings name="Local" id="125f4e30-2029-4c74-aa74-3914b1a7b57d">
    <Description>These are default test settings for a local test run.</Description>
    <Deployment enabled="false" runDeploymentRoot="smsng_SMSNG-SMSNG 2015-12-23 20_10_33">
      <DeploymentItem filename="C:\Users\smsng\Documents\Visual Studio 2010\Projects\SE2015\bin\Debug\SE2015.exe" />
      <DeploymentItem filename="C:\Users\smsng\Documents\Visual Studio 2010\Projects\SE2015\packages\Newtonsoft.Json.7.0.1\lib\net40\Newtonsoft.Json.dll" />
    </Deployment>
    <Execution>
      <TestTypeSpecific />
      <AgentRule name="Execution Agents">
      </AgentRule>
    </Execution>
  </TestSettings>
  <Times creation="2015-12-23T20:10:33.5218922+02:00" queuing="2015-12-23T20:10:34.6002942+02:00" start="2015-12-23T20:10:34.6938943+02:00" finish="2015-12-23T20:10:59.3612126+02:00" />
  <ResultSummary outcome="Failed">
    <Counters total="1" executed="1" error="0" failed="1" timeout="0" aborted="0" inconclusive="0" passedButRunAborted="0" notRunnable="0" notExecuted="0" disconnected="0" warning="0" passed="0" completed="0" inProgress="0" pending="0" />
  </ResultSummary>
  <TestDefinitions>
    <UnitTest name="TimerTest" storage="c:\users\smsng\documents\visual studio 2010\projects\testproject\bin\debug\testproject.dll" id="4de5f492-6ab0-7c81-1374-b43f50388b8d">
      <Execution id="14fdee0c-48d8-4b8f-aa7b-a13a3a8aaa91" />
      <TestMethod codeBase="C:/Users/smsng/Documents/Visual Studio 2010/Projects/TestProject/bin/Debug/TestProject.DLL" adapterTypeName="Microsoft.VisualStudio.TestTools.TestTypes.Unit.UnitTestAdapter, Microsoft.VisualStudio.QualityTools.Tips.UnitTest.Adapter, Version=10.0.0.0, Culture=neutral, PublicKeyToken=b03f5f7f11d50a3a" className="TestProject.TestingFormTest, TestProject, Version=1.0.0.0, Culture=neutral, PublicKeyToken=null" name="TimerTest" />
    </UnitTest>
  </TestDefinitions>
  <TestLists>
    <TestList name="Results Not in a List" id="8c84fa94-04c1-424b-9868-57a2d4851a1d" />
    <TestList name="All Loaded Results" id="19431567-8539-422a-85d7-44ee4e166bda" />
  </TestLists>
  <TestEntries>
    <TestEntry testId="4de5f492-6ab0-7c81-1374-b43f50388b8d" executionId="14fdee0c-48d8-4b8f-aa7b-a13a3a8aaa91" testListId="8c84fa94-04c1-424b-9868-57a2d4851a1d" />
  </TestEntries>
  <Results>
    <UnitTestResult executionId="14fdee0c-48d8-4b8f-aa7b-a13a3a8aaa91" testId="4de5f492-6ab0-7c81-1374-b43f50388b8d" testName="TimerTest" computerName="SMSNG-SMSNG" duration="00:00:23.3539035" startTime="2015-12-23T20:10:34.8030945+02:00" endTime="2015-12-23T20:10:59.1740123+02:00" testType="13cdc9d9-ddb5-4fa4-a97d-d965ccfc6d4b" outcome="Failed" testListId="8c84fa94-04c1-424b-9868-57a2d4851a1d" relativeResultsDirectory="14fdee0c-48d8-4b8f-aa7b-a13a3a8aaa91">
      <Output>
        <ErrorInfo>
          <Message>Assert.IsTrue failed. </Message>
          <StackTrace>   konum: TestProject.TestingFormTest.TimerTest() C:\Users\smsng\Documents\Visual Studio 2010\Projects\TestProject\TestingFormTest.cs içinde: satır 147
</StackTrace>
        </ErrorInfo>
      </Output>
    </UnitTestResult>
  </Results>
</TestRun>