<?xml version="1.0" encoding="UTF-8"?>
<TestRun id="7e8bdc9a-57fa-4739-bf79-14ec67a0c0cb" name="smsng@SMSNG-SMSNG 2015-12-23 20:00:48" runUser="smsng-smsng\smsng" xmlns="http://microsoft.com/schemas/VisualStudio/TeamTest/2010">
  <TestSettings name="Local" id="125f4e30-2029-4c74-aa74-3914b1a7b57d">
    <Description>These are default test settings for a local test run.</Description>
    <Deployment enabled="false" runDeploymentRoot="smsng_SMSNG-SMSNG 2015-12-23 20_00_48">
      <DeploymentItem filename="C:\Users\smsng\Documents\Visual Studio 2010\Projects\SE2015\bin\Debug\SE2015.exe" />
      <DeploymentItem filename="C:\Users\smsng\Documents\Visual Studio 2010\Projects\SE2015\packages\Newtonsoft.Json.7.0.1\lib\net40\Newtonsoft.Json.dll" />
    </Deployment>
    <Execution>
      <TestTypeSpecific />
      <AgentRule name="Execution Agents">
      </AgentRule>
    </Execution>
  </TestSettings>
  <Times creation="2015-12-23T20:00:48.2626185+02:00" queuing="2015-12-23T20:01:03.4322464+02:00" start="2015-12-23T20:01:03.4634464+02:00" finish="2015-12-23T20:01:32.0699137+02:00" />
  <ResultSummary outcome="Error">
    <Counters total="1" executed="1" passed="1" error="0" failed="0" timeout="0" aborted="0" inconclusive="0" passedButRunAborted="0" notRunnable="0" notExecuted="0" disconnected="0" warning="0" completed="0" inProgress="0" pending="0" />
    <RunInfos>
      <RunInfo computerName="SMSNG-SMSNG" outcome="Error" timestamp="2015-12-23T20:01:10.7692595+02:00">
        <Text>One of the background threads threw exception: 
System.ObjectDisposedException: Bırakılmış bir nesneye erişilemiyor.
   konum: System.Threading.TimerQueueTimer.Change(UInt32 dueTime, UInt32 period)
   konum: System.Threading.Timer.Change(Int32 dueTime, Int32 period)
   konum: SE2015.Logical_Layer.TestTimer.Tick(Object state) C:\Users\smsng\Documents\Visual Studio 2010\Projects\SE2015\Logical Layer\TestTimer.cs içinde: satır 49
   konum: System.Threading.TimerQueueTimer.CallCallbackInContext(Object state)
   konum: System.Threading.ExecutionContext.RunInternal(ExecutionContext executionContext, ContextCallback callback, Object state, Boolean preserveSyncCtx)
   konum: System.Threading.ExecutionContext.Run(ExecutionContext executionContext, ContextCallback callback, Object state, Boolean preserveSyncCtx)
   konum: System.Threading.TimerQueueTimer.CallCallback()
   konum: System.Threading.TimerQueueTimer.Fire()
   konum: System.Threading.TimerQueue.FireNextTimers()
   konum: System.Threading.TimerQueue.AppDomainTimerCallback()</Text>
      </RunInfo>
    </RunInfos>
  </ResultSummary>
  <TestDefinitions>
    <UnitTest name="TimerTest" storage="c:\users\smsng\documents\visual studio 2010\projects\testproject\bin\debug\testproject.dll" id="4de5f492-6ab0-7c81-1374-b43f50388b8d">
      <Execution id="5024bfea-293e-4a78-b919-4112a00cc61d" />
      <TestMethod codeBase="C:/Users/smsng/Documents/Visual Studio 2010/Projects/TestProject/bin/Debug/TestProject.DLL" adapterTypeName="Microsoft.VisualStudio.TestTools.TestTypes.Unit.UnitTestAdapter, Microsoft.VisualStudio.QualityTools.Tips.UnitTest.Adapter, Version=10.0.0.0, Culture=neutral, PublicKeyToken=b03f5f7f11d50a3a" className="TestProject.TestingFormTest, TestProject, Version=1.0.0.0, Culture=neutral, PublicKeyToken=null" name="TimerTest" />
    </UnitTest>
  </TestDefinitions>
  <TestLists>
    <TestList name="Results Not in a List" id="8c84fa94-04c1-424b-9868-57a2d4851a1d" />
    <TestList name="All Loaded Results" id="19431567-8539-422a-85d7-44ee4e166bda" />
  </TestLists>
  <TestEntries>
    <TestEntry testId="4de5f492-6ab0-7c81-1374-b43f50388b8d" executionId="5024bfea-293e-4a78-b919-4112a00cc61d" testListId="8c84fa94-04c1-424b-9868-57a2d4851a1d" />
  </TestEntries>
  <Results>
    <UnitTestResult executionId="5024bfea-293e-4a78-b919-4112a00cc61d" testId="4de5f492-6ab0-7c81-1374-b43f50388b8d" testName="TimerTest" computerName="SMSNG-SMSNG" duration="00:00:06.2954467" startTime="2015-12-23T20:01:03.4946465+02:00" endTime="2015-12-23T20:01:10.6600593+02:00" testType="13cdc9d9-ddb5-4fa4-a97d-d965ccfc6d4b" outcome="Passed" testListId="8c84fa94-04c1-424b-9868-57a2d4851a1d" relativeResultsDirectory="5024bfea-293e-4a78-b919-4112a00cc61d">
    </UnitTestResult>
  </Results>
</TestRun>