<?xml version="1.0" encoding="UTF-8"?>
<TestRun id="3710addd-67b4-4d74-9792-b1eb1fbf468c" name="smsng@SMSNG-SMSNG 2015-12-23 16:11:33" runUser="smsng-smsng\smsng" xmlns="http://microsoft.com/schemas/VisualStudio/TeamTest/2010">
  <TestSettings name="Local" id="125f4e30-2029-4c74-aa74-3914b1a7b57d">
    <Description>These are default test settings for a local test run.</Description>
    <Deployment enabled="false" runDeploymentRoot="smsng_SMSNG-SMSNG 2015-12-23 16_11_33">
      <DeploymentItem filename="C:\Users\smsng\Documents\Visual Studio 2010\Projects\SE2015\bin\Debug\SE2015.exe" />
      <DeploymentItem filename="C:\Users\smsng\Documents\Visual Studio 2010\Projects\SE2015\packages\Newtonsoft.Json.7.0.1\lib\net40\Newtonsoft.Json.dll" />
    </Deployment>
    <Execution>
      <TestTypeSpecific />
      <AgentRule name="Execution Agents">
      </AgentRule>
    </Execution>
  </TestSettings>
  <Times creation="2015-12-23T16:11:33.3447949+02:00" queuing="2015-12-23T16:11:34.2607965+02:00" start="2015-12-23T16:11:34.2907965+02:00" finish="2015-12-23T16:11:43.2978095+02:00" />
  <ResultSummary outcome="Error">
    <Counters total="1" executed="1" error="0" failed="0" timeout="0" aborted="1" inconclusive="0" passedButRunAborted="0" notRunnable="0" notExecuted="0" disconnected="0" warning="0" passed="0" completed="0" inProgress="0" pending="0" />
    <RunInfos>
      <RunInfo computerName="SMSNG-SMSNG" outcome="Error" timestamp="2015-12-23T16:11:43.2978095+02:00">
        <Text>Test host process exited unexpectedly.</Text>
      </RunInfo>
    </RunInfos>
  </ResultSummary>
  <TestDefinitions>
    <UnitTest name="StartTest" storage="c:\users\smsng\documents\visual studio 2010\projects\testproject\bin\debug\testproject.dll" id="006ed76c-4ae1-6e18-512c-316022f11344">
      <Execution id="c36ed38a-21cb-4ab7-a412-8fd21234bcf8" />
      <TestMethod codeBase="C:/Users/smsng/Documents/Visual Studio 2010/Projects/TestProject/bin/Debug/TestProject.DLL" adapterTypeName="Microsoft.VisualStudio.TestTools.TestTypes.Unit.UnitTestAdapter, Microsoft.VisualStudio.QualityTools.Tips.UnitTest.Adapter, Version=10.0.0.0, Culture=neutral, PublicKeyToken=b03f5f7f11d50a3a" className="TestProject.TestingFormTest, TestProject, Version=1.0.0.0, Culture=neutral, PublicKeyToken=null" name="StartTest" />
    </UnitTest>
  </TestDefinitions>
  <TestLists>
    <TestList name="Results Not in a List" id="8c84fa94-04c1-424b-9868-57a2d4851a1d" />
    <TestList name="All Loaded Results" id="19431567-8539-422a-85d7-44ee4e166bda" />
  </TestLists>
  <TestEntries>
    <TestEntry testId="006ed76c-4ae1-6e18-512c-316022f11344" executionId="c36ed38a-21cb-4ab7-a412-8fd21234bcf8" testListId="8c84fa94-04c1-424b-9868-57a2d4851a1d" />
  </TestEntries>
  <Results>
    <UnitTestResult executionId="c36ed38a-21cb-4ab7-a412-8fd21234bcf8" testId="006ed76c-4ae1-6e18-512c-316022f11344" testName="StartTest" computerName="SMSNG-SMSNG" duration="00:00:08.9770129" startTime="2015-12-23T16:11:34.3207966+02:00" endTime="2015-12-23T16:11:43.2978095+02:00" testType="13cdc9d9-ddb5-4fa4-a97d-d965ccfc6d4b" outcome="Aborted" testListId="8c84fa94-04c1-424b-9868-57a2d4851a1d" relativeResultsDirectory="c36ed38a-21cb-4ab7-a412-8fd21234bcf8">
    </UnitTestResult>
  </Results>
</TestRun>